TN:
SF:src\validateEmail.ts
FN:3,validate
FN:24,hasSymbolSign
FN:29,firstCharacterIsLetter
FN:34,hasTwoPoints
FNF:4
FNH:1
FNDA:3,validate
FNDA:0,hasSymbolSign
FNDA:0,firstCharacterIsLetter
FNDA:0,hasTwoPoints
DA:1,1
DA:2,1
DA:3,1
DA:4,3
DA:5,3
DA:6,3
DA:7,3
DA:8,3
DA:9,3
DA:10,3
DA:11,3
DA:12,3
DA:13,3
DA:14,3
DA:15,3
DA:16,3
DA:17,0
DA:18,0
DA:19,3
DA:20,3
DA:21,3
DA:22,3
DA:23,1
DA:24,1
DA:25,0
DA:26,0
DA:27,0
DA:28,1
DA:29,1
DA:30,0
DA:31,0
DA:32,0
DA:33,1
DA:34,1
DA:35,0
DA:36,0
DA:37,0
DA:38,0
DA:39,0
DA:40,0
DA:41,0
DA:42,0
DA:43,0
DA:44,0
DA:45,0
DA:46,0
DA:47,0
DA:48,0
DA:49,0
DA:50,0
DA:51,0
DA:52,0
DA:53,0
DA:54,0
DA:55,0
DA:56,0
DA:57,0
DA:58,1
LF:58
LH:27
BRDA:3,0,0,3
BRDA:12,1,0,2
BRDA:13,2,0,1
BRDA:16,3,0,0
BRF:4
BRH:3
end_of_record
